<?xml version="1.0" encoding="UTF-8"?>
<testng-results skipped="0" failed="1" ignored="3" total="7" passed="3">
  <reporter-output>
  </reporter-output>
  <suite name="Poc_suite" duration-ms="214258" started-at="2020-03-17T10:29:20Z" finished-at="2020-03-17T10:32:54Z">
    <groups>
    </groups>
    <test name="Patricia_Poc" duration-ms="214258" started-at="2020-03-17T10:29:20Z" finished-at="2020-03-17T10:32:54Z">
      <class name="test.TestSearchforNegativeCase">
        <test-method status="PASS" signature="testBeforeClass()[pri:0, instance:test.TestSearchforNegativeCase@6e0e048a]" name="testBeforeClass" is-config="true" duration-ms="11779" started-at="2020-03-17T16:02:04Z" finished-at="2020-03-17T16:02:15Z">
          <reporter-output>
          </reporter-output>
        </test-method> <!-- testBeforeClass -->
        <test-method status="FAIL" signature="testSearchCase()[pri:0, instance:test.TestSearchforNegativeCase@6e0e048a]" name="testSearchCase" duration-ms="29657" started-at="2020-03-17T16:02:15Z" finished-at="2020-03-17T16:02:45Z">
          <exception class="java.lang.AssertionError">
            <message>
              <![CDATA[There are No documents available]]>
            </message>
            <full-stacktrace>
              <![CDATA[java.lang.AssertionError: There are No documents available
	at org.testng.Assert.fail(Assert.java:93)
	at pages.webAction.documentWidget(webAction.java:236)
	at test.TestSearchforNegativeCase.testSearchCase(TestSearchforNegativeCase.java:35)
	at sun.reflect.NativeMethodAccessorImpl.invoke0(Native Method)
	at sun.reflect.NativeMethodAccessorImpl.invoke(Unknown Source)
	at sun.reflect.DelegatingMethodAccessorImpl.invoke(Unknown Source)
	at java.lang.reflect.Method.invoke(Unknown Source)
	at org.testng.internal.MethodInvocationHelper.invokeMethod(MethodInvocationHelper.java:108)
	at org.testng.internal.Invoker.invokeMethod(Invoker.java:661)
	at org.testng.internal.Invoker.invokeTestMethod(Invoker.java:869)
	at org.testng.internal.Invoker.invokeTestMethods(Invoker.java:1193)
	at org.testng.internal.TestMethodWorker.invokeTestMethods(TestMethodWorker.java:126)
	at org.testng.internal.TestMethodWorker.run(TestMethodWorker.java:109)
	at org.testng.TestRunner.privateRun(TestRunner.java:744)
	at org.testng.TestRunner.run(TestRunner.java:602)
	at org.testng.SuiteRunner.runTest(SuiteRunner.java:380)
	at org.testng.SuiteRunner.runSequentially(SuiteRunner.java:375)
	at org.testng.SuiteRunner.privateRun(SuiteRunner.java:340)
	at org.testng.SuiteRunner.run(SuiteRunner.java:289)
	at org.testng.SuiteRunnerWorker.runSuite(SuiteRunnerWorker.java:52)
	at org.testng.SuiteRunnerWorker.run(SuiteRunnerWorker.java:86)
	at org.testng.TestNG.runSuitesSequentially(TestNG.java:1301)
	at org.testng.TestNG.runSuitesLocally(TestNG.java:1226)
	at org.testng.TestNG.runSuites(TestNG.java:1144)
	at org.testng.TestNG.run(TestNG.java:1115)
	at org.testng.remote.AbstractRemoteTestNG.run(AbstractRemoteTestNG.java:132)
	at org.testng.remote.RemoteTestNG.initAndRun(RemoteTestNG.java:230)
	at org.testng.remote.RemoteTestNG.main(RemoteTestNG.java:76)
]]>
            </full-stacktrace>
          </exception> <!-- java.lang.AssertionError -->
          <reporter-output>
          </reporter-output>
        </test-method> <!-- testSearchCase -->
        <test-method status="PASS" signature="getResult(org.testng.ITestResult)[pri:0, instance:test.TestSearchforNegativeCase@6e0e048a]" name="getResult" is-config="true" duration-ms="322" started-at="2020-03-17T16:02:45Z" finished-at="2020-03-17T16:02:45Z">
          <params>
            <param index="0">
              <value>
                <![CDATA[[TestResult name=testSearchCase status=FAILURE method=TestSearchforNegativeCase.testSearchCase()[pri:0, instance:test.TestSearchforNegativeCase@6e0e048a] output={null}]]]>
              </value>
            </param>
          </params>
          <reporter-output>
          </reporter-output>
        </test-method> <!-- getResult -->
        <test-method status="PASS" signature="testAfterClass()[pri:0, instance:test.TestSearchforNegativeCase@6e0e048a]" name="testAfterClass" is-config="true" duration-ms="8444" started-at="2020-03-17T16:02:45Z" finished-at="2020-03-17T16:02:54Z">
          <reporter-output>
          </reporter-output>
        </test-method> <!-- testAfterClass -->
      </class> <!-- test.TestSearchforNegativeCase -->
      <class name="test.TestcaseCreation">
        <test-method status="PASS" signature="before_suite()[pri:0, instance:test.TestcaseCreation@887af79]" name="before_suite" is-config="true" duration-ms="62" started-at="2020-03-17T15:59:20Z" finished-at="2020-03-17T15:59:20Z">
          <reporter-output>
          </reporter-output>
        </test-method> <!-- before_suite -->
        <test-method status="PASS" signature="testBeforeClass()[pri:0, instance:test.TestcaseCreation@887af79]" name="testBeforeClass" is-config="true" duration-ms="12043" started-at="2020-03-17T15:59:20Z" finished-at="2020-03-17T15:59:32Z">
          <reporter-output>
          </reporter-output>
        </test-method> <!-- testBeforeClass -->
        <test-method status="PASS" signature="testCaseCreation()[pri:0, instance:test.TestcaseCreation@887af79]" name="testCaseCreation" duration-ms="45496" started-at="2020-03-17T15:59:32Z" finished-at="2020-03-17T16:00:17Z">
          <reporter-output>
          </reporter-output>
        </test-method> <!-- testCaseCreation -->
        <test-method status="PASS" signature="getResult(org.testng.ITestResult)[pri:0, instance:test.TestcaseCreation@887af79]" name="getResult" is-config="true" duration-ms="4" started-at="2020-03-17T16:00:17Z" finished-at="2020-03-17T16:00:17Z">
          <params>
            <param index="0">
              <value>
                <![CDATA[[TestResult name=testCaseCreation status=SUCCESS method=TestcaseCreation.testCaseCreation()[pri:0, instance:test.TestcaseCreation@887af79] output={null}]]]>
              </value>
            </param>
          </params>
          <reporter-output>
          </reporter-output>
        </test-method> <!-- getResult -->
        <test-method status="PASS" signature="testAfterClass()[pri:0, instance:test.TestcaseCreation@887af79]" name="testAfterClass" is-config="true" duration-ms="8540" started-at="2020-03-17T16:00:17Z" finished-at="2020-03-17T16:00:26Z">
          <reporter-output>
          </reporter-output>
        </test-method> <!-- testAfterClass -->
      </class> <!-- test.TestcaseCreation -->
      <class name="test.TestDocumentPreview">
        <test-method status="PASS" signature="testBeforeClass()[pri:0, instance:test.TestDocumentPreview@5b87ed94]" name="testBeforeClass" is-config="true" duration-ms="11830" started-at="2020-03-17T16:01:18Z" finished-at="2020-03-17T16:01:30Z">
          <reporter-output>
          </reporter-output>
        </test-method> <!-- testBeforeClass -->
        <test-method status="PASS" signature="testDocumentPreview()[pri:0, instance:test.TestDocumentPreview@5b87ed94]" name="testDocumentPreview" duration-ms="25284" started-at="2020-03-17T16:01:30Z" finished-at="2020-03-17T16:01:55Z">
          <reporter-output>
          </reporter-output>
        </test-method> <!-- testDocumentPreview -->
        <test-method status="PASS" signature="getResult(org.testng.ITestResult)[pri:0, instance:test.TestDocumentPreview@5b87ed94]" name="getResult" is-config="true" duration-ms="1" started-at="2020-03-17T16:01:55Z" finished-at="2020-03-17T16:01:55Z">
          <params>
            <param index="0">
              <value>
                <![CDATA[[TestResult name=testDocumentPreview status=SUCCESS method=TestDocumentPreview.testDocumentPreview()[pri:0, instance:test.TestDocumentPreview@5b87ed94] output={null}]]]>
              </value>
            </param>
          </params>
          <reporter-output>
          </reporter-output>
        </test-method> <!-- getResult -->
        <test-method status="PASS" signature="testAfterClass()[pri:0, instance:test.TestDocumentPreview@5b87ed94]" name="testAfterClass" is-config="true" duration-ms="8444" started-at="2020-03-17T16:01:55Z" finished-at="2020-03-17T16:02:04Z">
          <reporter-output>
          </reporter-output>
        </test-method> <!-- testAfterClass -->
      </class> <!-- test.TestDocumentPreview -->
      <class name="test.TestAddDocument">
        <test-method status="PASS" signature="testBeforeClass()[pri:0, instance:test.TestAddDocument@7fac631b]" name="testBeforeClass" is-config="true" duration-ms="11749" started-at="2020-03-17T16:00:26Z" finished-at="2020-03-17T16:00:37Z">
          <reporter-output>
          </reporter-output>
        </test-method> <!-- testBeforeClass -->
        <test-method status="PASS" signature="testAddDocument()[pri:0, instance:test.TestAddDocument@7fac631b]" name="testAddDocument" duration-ms="32232" started-at="2020-03-17T16:00:37Z" finished-at="2020-03-17T16:01:10Z">
          <reporter-output>
          </reporter-output>
        </test-method> <!-- testAddDocument -->
        <test-method status="PASS" signature="testAfterClass()[pri:0, instance:test.TestAddDocument@7fac631b]" name="testAfterClass" is-config="true" duration-ms="8419" started-at="2020-03-17T16:01:10Z" finished-at="2020-03-17T16:01:18Z">
          <reporter-output>
          </reporter-output>
        </test-method> <!-- testAfterClass -->
        <test-method status="PASS" signature="getResult(org.testng.ITestResult)[pri:0, instance:test.TestAddDocument@7fac631b]" name="getResult" is-config="true" duration-ms="0" started-at="2020-03-17T16:01:10Z" finished-at="2020-03-17T16:01:10Z">
          <params>
            <param index="0">
              <value>
                <![CDATA[[TestResult name=testAddDocument status=SUCCESS method=TestAddDocument.testAddDocument()[pri:0, instance:test.TestAddDocument@7fac631b] output={null}]]]>
              </value>
            </param>
          </params>
          <reporter-output>
          </reporter-output>
        </test-method> <!-- getResult -->
      </class> <!-- test.TestAddDocument -->
    </test> <!-- Patricia_Poc -->
  </suite> <!-- Poc_suite -->
</testng-results>
